<?xml version="1.0" encoding="UTF-8"?>
<testng-results ignored="0" total="7" passed="7" failed="0" skipped="0">
  <reporter-output>
    <line>
      <![CDATA[Clicking on the locator:=By.id: login2]]>
    </line>
    <line>
      <![CDATA[Setting the text:=Likhithesh in the locator:=By.id: loginusername]]>
    </line>
    <line>
      <![CDATA[Setting the text:=Test123 in the locator:=By.id: loginpassword]]>
    </line>
    <line>
      <![CDATA[Clicking on the locator:=By.xpath: //button[text()='Log in']]]>
    </line>
    <line>
      <![CDATA[Text of the element is:=Welcome Likhithesh]]>
    </line>
    <line>
      <![CDATA[Clicking on the locator:=By.xpath: //a[text()='Laptops']]]>
    </line>
    <line>
      <![CDATA[Clicking on the locator:=By.xpath: //a[text()='Sony vaio i5']]]>
    </line>
    <line>
      <![CDATA[Getting the text from Alert popup]]>
    </line>
    <line>
      <![CDATA[Alert message is:=Product added.]]>
    </line>
    <line>
      <![CDATA[Accepting the alert]]>
    </line>
    <line>
      <![CDATA[Clicking on the locator:=By.id: cartur]]>
    </line>
    <line>
      <![CDATA[Clicking on the locator:=By.id: login2]]>
    </line>
    <line>
      <![CDATA[Setting the text:=Likhithesh in the locator:=By.id: loginusername]]>
    </line>
    <line>
      <![CDATA[Setting the text:=Test123 in the locator:=By.id: loginpassword]]>
    </line>
    <line>
      <![CDATA[Clicking on the locator:=By.xpath: //button[text()='Log in']]]>
    </line>
    <line>
      <![CDATA[Text of the element is:=Welcome Likhithesh]]>
    </line>
    <line>
      <![CDATA[Clicking on the locator:=By.id: login2]]>
    </line>
    <line>
      <![CDATA[Setting the text:=Likhi in the locator:=By.id: loginusername]]>
    </line>
    <line>
      <![CDATA[Setting the text:=123 in the locator:=By.id: loginpassword]]>
    </line>
    <line>
      <![CDATA[Clicking on the locator:=By.xpath: //button[text()='Log in']]]>
    </line>
    <line>
      <![CDATA[Getting the text from Alert popup]]>
    </line>
    <line>
      <![CDATA[Alert message is:=User does not exist.]]>
    </line>
    <line>
      <![CDATA[Accepting the alert]]>
    </line>
    <line>
      <![CDATA[Clicking on the locator:=By.id: login2]]>
    </line>
    <line>
      <![CDATA[Setting the text:=Likhithesh in the locator:=By.id: loginusername]]>
    </line>
    <line>
      <![CDATA[Setting the text:=1234 in the locator:=By.id: loginpassword]]>
    </line>
    <line>
      <![CDATA[Clicking on the locator:=By.xpath: //button[text()='Log in']]]>
    </line>
    <line>
      <![CDATA[Getting the text from Alert popup]]>
    </line>
    <line>
      <![CDATA[Alert message is:=Wrong password.]]>
    </line>
    <line>
      <![CDATA[Accepting the alert]]>
    </line>
    <line>
      <![CDATA[Clicking on the locator:=By.id: login2]]>
    </line>
    <line>
      <![CDATA[Setting the text:=Likhithesh in the locator:=By.id: loginusername]]>
    </line>
    <line>
      <![CDATA[Setting the text:=123 in the locator:=By.id: loginpassword]]>
    </line>
    <line>
      <![CDATA[Clicking on the locator:=By.xpath: //button[text()='Log in']]]>
    </line>
    <line>
      <![CDATA[Getting the text from Alert popup]]>
    </line>
    <line>
      <![CDATA[Alert message is:=Wrong password.]]>
    </line>
    <line>
      <![CDATA[Accepting the alert]]>
    </line>
    <line>
      <![CDATA[Clicking on the locator:=By.id: signin2]]>
    </line>
    <line>
      <![CDATA[Setting the text:=Likhi176259 in the locator:=By.id: sign-username]]>
    </line>
    <line>
      <![CDATA[Setting the text:=1234 in the locator:=By.id: sign-password]]>
    </line>
    <line>
      <![CDATA[Clicking on the locator:=By.xpath: //button[text()='Sign up']]]>
    </line>
    <line>
      <![CDATA[Getting the text from Alert popup]]>
    </line>
    <line>
      <![CDATA[Alert message is:=Sign up successful.]]>
    </line>
    <line>
      <![CDATA[Accepting the alert]]>
    </line>
    <line>
      <![CDATA[Clicking on the locator:=By.id: signin2]]>
    </line>
    <line>
      <![CDATA[Setting the text:=Likhi176251 in the locator:=By.id: sign-username]]>
    </line>
    <line>
      <![CDATA[Setting the text:=1234 in the locator:=By.id: sign-password]]>
    </line>
    <line>
      <![CDATA[Clicking on the locator:=By.xpath: //button[text()='Sign up']]]>
    </line>
    <line>
      <![CDATA[Getting the text from Alert popup]]>
    </line>
    <line>
      <![CDATA[Alert message is:=This user already exist.]]>
    </line>
    <line>
      <![CDATA[Accepting the alert]]>
    </line>
  </reporter-output>
  <suite started-at="2025-06-18T00:04:56 IST" name="Default suite" finished-at="2025-06-18T00:06:08 IST" duration-ms="72804">
    <groups>
      <group name="cucumber">
        <method signature="AbstractTestNGCucumberTests.runScenario(io.cucumber.testng.PickleWrapper,io.cucumber.testng.FeatureWrapper)[pri:0, instance:runners.FinalProjectRunner@59402b8f]" name="runScenario" class="io.cucumber.testng.AbstractTestNGCucumberTests"/>
      </group> <!-- cucumber -->
    </groups>
    <test started-at="2025-06-18T00:04:56 IST" name="Default test" finished-at="2025-06-18T00:06:08 IST" duration-ms="72804">
      <class name="runners.FinalProjectRunner">
        <test-method is-config="true" signature="setUpClass(org.testng.ITestContext)[pri:0, instance:runners.FinalProjectRunner@59402b8f]" started-at="2025-06-18T00:04:56 IST" name="setUpClass" finished-at="2025-06-18T00:04:56 IST" duration-ms="660" status="PASS">
          <params>
            <param index="0">
              <value>
                <![CDATA[org.testng.TestRunner@5fcd1c5f]]>
              </value>
            </param>
          </params>
          <reporter-output>
          </reporter-output>
        </test-method> <!-- setUpClass -->
        <test-method signature="runScenario(io.cucumber.testng.PickleWrapper,io.cucumber.testng.FeatureWrapper)[pri:0, instance:runners.FinalProjectRunner@59402b8f]" started-at="2025-06-18T00:04:56 IST" name="runScenario" description="Runs Cucumber Scenarios" data-provider="scenarios" finished-at="2025-06-18T00:05:19 IST" duration-ms="23256" status="PASS">
          <params>
            <param index="0">
              <value>
                <![CDATA["zVerify if user able to add the laptop to the cart successfully"]]>
              </value>
            </param>
            <param index="1">
              <value>
                <![CDATA["To validate add to cart feature test scenarios of DemoBlaze application"]]>
              </value>
            </param>
          </params>
          <reporter-output>
            <line>
              <![CDATA[Clicking on the locator:=By.id: login2]]>
            </line>
            <line>
              <![CDATA[Setting the text:=Likhithesh in the locator:=By.id: loginusername]]>
            </line>
            <line>
              <![CDATA[Setting the text:=Test123 in the locator:=By.id: loginpassword]]>
            </line>
            <line>
              <![CDATA[Clicking on the locator:=By.xpath: //button[text()='Log in']]]>
            </line>
            <line>
              <![CDATA[Text of the element is:=Welcome Likhithesh]]>
            </line>
            <line>
              <![CDATA[Clicking on the locator:=By.xpath: //a[text()='Laptops']]]>
            </line>
            <line>
              <![CDATA[Clicking on the locator:=By.xpath: //a[text()='Sony vaio i5']]]>
            </line>
            <line>
              <![CDATA[Getting the text from Alert popup]]>
            </line>
            <line>
              <![CDATA[Alert message is:=Product added.]]>
            </line>
            <line>
              <![CDATA[Accepting the alert]]>
            </line>
            <line>
              <![CDATA[Clicking on the locator:=By.id: cartur]]>
            </line>
          </reporter-output>
        </test-method> <!-- runScenario -->
        <test-method signature="runScenario(io.cucumber.testng.PickleWrapper,io.cucumber.testng.FeatureWrapper)[pri:0, instance:runners.FinalProjectRunner@59402b8f]" started-at="2025-06-18T00:05:19 IST" name="runScenario" description="Runs Cucumber Scenarios" data-provider="scenarios" finished-at="2025-06-18T00:05:32 IST" duration-ms="12313" status="PASS">
          <params>
            <param index="0">
              <value>
                <![CDATA["Verify the successfull Login to DemoBlaze application with valid credentials"]]>
              </value>
            </param>
            <param index="1">
              <value>
                <![CDATA["Login feature test scenarios of DemoBlaze application"]]>
              </value>
            </param>
          </params>
          <reporter-output>
            <line>
              <![CDATA[Clicking on the locator:=By.id: login2]]>
            </line>
            <line>
              <![CDATA[Setting the text:=Likhithesh in the locator:=By.id: loginusername]]>
            </line>
            <line>
              <![CDATA[Setting the text:=Test123 in the locator:=By.id: loginpassword]]>
            </line>
            <line>
              <![CDATA[Clicking on the locator:=By.xpath: //button[text()='Log in']]]>
            </line>
            <line>
              <![CDATA[Text of the element is:=Welcome Likhithesh]]>
            </line>
          </reporter-output>
        </test-method> <!-- runScenario -->
        <test-method signature="runScenario(io.cucumber.testng.PickleWrapper,io.cucumber.testng.FeatureWrapper)[pri:0, instance:runners.FinalProjectRunner@59402b8f]" started-at="2025-06-18T00:05:32 IST" name="runScenario" description="Runs Cucumber Scenarios" data-provider="scenarios" finished-at="2025-06-18T00:05:38 IST" duration-ms="6601" status="PASS">
          <params>
            <param index="0">
              <value>
                <![CDATA["Verify the unsuccessfull Login attempt to DemoBlaze application where user doesnot exits"]]>
              </value>
            </param>
            <param index="1">
              <value>
                <![CDATA["Login feature test scenarios of DemoBlaze application"]]>
              </value>
            </param>
          </params>
          <reporter-output>
            <line>
              <![CDATA[Clicking on the locator:=By.id: login2]]>
            </line>
            <line>
              <![CDATA[Setting the text:=Likhi in the locator:=By.id: loginusername]]>
            </line>
            <line>
              <![CDATA[Setting the text:=123 in the locator:=By.id: loginpassword]]>
            </line>
            <line>
              <![CDATA[Clicking on the locator:=By.xpath: //button[text()='Log in']]]>
            </line>
            <line>
              <![CDATA[Getting the text from Alert popup]]>
            </line>
            <line>
              <![CDATA[Alert message is:=User does not exist.]]>
            </line>
            <line>
              <![CDATA[Accepting the alert]]>
            </line>
          </reporter-output>
        </test-method> <!-- runScenario -->
        <test-method signature="runScenario(io.cucumber.testng.PickleWrapper,io.cucumber.testng.FeatureWrapper)[pri:0, instance:runners.FinalProjectRunner@59402b8f]" started-at="2025-06-18T00:05:38 IST" name="runScenario" description="Runs Cucumber Scenarios" data-provider="scenarios" finished-at="2025-06-18T00:05:45 IST" duration-ms="6471" status="PASS">
          <params>
            <param index="0">
              <value>
                <![CDATA["Verify the unsuccessfull Login attempts to DemoBlaze application with wrong password"]]>
              </value>
            </param>
            <param index="1">
              <value>
                <![CDATA["Login feature Wrong password scenarios of DemoBlaze application"]]>
              </value>
            </param>
          </params>
          <reporter-output>
            <line>
              <![CDATA[Clicking on the locator:=By.id: login2]]>
            </line>
            <line>
              <![CDATA[Setting the text:=Likhithesh in the locator:=By.id: loginusername]]>
            </line>
            <line>
              <![CDATA[Setting the text:=1234 in the locator:=By.id: loginpassword]]>
            </line>
            <line>
              <![CDATA[Clicking on the locator:=By.xpath: //button[text()='Log in']]]>
            </line>
            <line>
              <![CDATA[Getting the text from Alert popup]]>
            </line>
            <line>
              <![CDATA[Alert message is:=Wrong password.]]>
            </line>
            <line>
              <![CDATA[Accepting the alert]]>
            </line>
          </reporter-output>
        </test-method> <!-- runScenario -->
        <test-method signature="runScenario(io.cucumber.testng.PickleWrapper,io.cucumber.testng.FeatureWrapper)[pri:0, instance:runners.FinalProjectRunner@59402b8f]" started-at="2025-06-18T00:05:45 IST" name="runScenario" description="Runs Cucumber Scenarios" data-provider="scenarios" finished-at="2025-06-18T00:05:51 IST" duration-ms="6552" status="PASS">
          <params>
            <param index="0">
              <value>
                <![CDATA["Verify the unsuccessfull Login attempts to DemoBlaze application with wrong password"]]>
              </value>
            </param>
            <param index="1">
              <value>
                <![CDATA["Login feature Wrong password scenarios of DemoBlaze application"]]>
              </value>
            </param>
          </params>
          <reporter-output>
            <line>
              <![CDATA[Clicking on the locator:=By.id: login2]]>
            </line>
            <line>
              <![CDATA[Setting the text:=Likhithesh in the locator:=By.id: loginusername]]>
            </line>
            <line>
              <![CDATA[Setting the text:=123 in the locator:=By.id: loginpassword]]>
            </line>
            <line>
              <![CDATA[Clicking on the locator:=By.xpath: //button[text()='Log in']]]>
            </line>
            <line>
              <![CDATA[Getting the text from Alert popup]]>
            </line>
            <line>
              <![CDATA[Alert message is:=Wrong password.]]>
            </line>
            <line>
              <![CDATA[Accepting the alert]]>
            </line>
          </reporter-output>
        </test-method> <!-- runScenario -->
        <test-method signature="runScenario(io.cucumber.testng.PickleWrapper,io.cucumber.testng.FeatureWrapper)[pri:0, instance:runners.FinalProjectRunner@59402b8f]" started-at="2025-06-18T00:05:51 IST" name="runScenario" description="Runs Cucumber Scenarios" data-provider="scenarios" finished-at="2025-06-18T00:06:00 IST" duration-ms="8435" status="PASS">
          <params>
            <param index="0">
              <value>
                <![CDATA["Verify the successfull Signup to DemoBlaze application with valid username and password"]]>
              </value>
            </param>
            <param index="1">
              <value>
                <![CDATA["Signup feature test scenarios of DemoBlaze application"]]>
              </value>
            </param>
          </params>
          <reporter-output>
            <line>
              <![CDATA[Clicking on the locator:=By.id: signin2]]>
            </line>
            <line>
              <![CDATA[Setting the text:=Likhi176259 in the locator:=By.id: sign-username]]>
            </line>
            <line>
              <![CDATA[Setting the text:=1234 in the locator:=By.id: sign-password]]>
            </line>
            <line>
              <![CDATA[Clicking on the locator:=By.xpath: //button[text()='Sign up']]]>
            </line>
            <line>
              <![CDATA[Getting the text from Alert popup]]>
            </line>
            <line>
              <![CDATA[Alert message is:=Sign up successful.]]>
            </line>
            <line>
              <![CDATA[Accepting the alert]]>
            </line>
          </reporter-output>
        </test-method> <!-- runScenario -->
        <test-method signature="runScenario(io.cucumber.testng.PickleWrapper,io.cucumber.testng.FeatureWrapper)[pri:0, instance:runners.FinalProjectRunner@59402b8f]" started-at="2025-06-18T00:06:00 IST" name="runScenario" description="Runs Cucumber Scenarios" data-provider="scenarios" finished-at="2025-06-18T00:06:08 IST" duration-ms="8446" status="PASS">
          <params>
            <param index="0">
              <value>
                <![CDATA["yVerify the unsuccessfull Signup attempt to DemoBlaze application with duplicate username which already exists"]]>
              </value>
            </param>
            <param index="1">
              <value>
                <![CDATA["Signup feature test scenarios of DemoBlaze application"]]>
              </value>
            </param>
          </params>
          <reporter-output>
            <line>
              <![CDATA[Clicking on the locator:=By.id: signin2]]>
            </line>
            <line>
              <![CDATA[Setting the text:=Likhi176251 in the locator:=By.id: sign-username]]>
            </line>
            <line>
              <![CDATA[Setting the text:=1234 in the locator:=By.id: sign-password]]>
            </line>
            <line>
              <![CDATA[Clicking on the locator:=By.xpath: //button[text()='Sign up']]]>
            </line>
            <line>
              <![CDATA[Getting the text from Alert popup]]>
            </line>
            <line>
              <![CDATA[Alert message is:=This user already exist.]]>
            </line>
            <line>
              <![CDATA[Accepting the alert]]>
            </line>
          </reporter-output>
        </test-method> <!-- runScenario -->
        <test-method is-config="true" signature="tearDownClass()[pri:0, instance:runners.FinalProjectRunner@59402b8f]" started-at="2025-06-18T00:06:08 IST" name="tearDownClass" finished-at="2025-06-18T00:06:08 IST" duration-ms="18" status="PASS">
          <reporter-output>
          </reporter-output>
        </test-method> <!-- tearDownClass -->
      </class> <!-- runners.FinalProjectRunner -->
    </test> <!-- Default test -->
  </suite> <!-- Default suite -->
</testng-results>
